Start testing: Sep 26 00:21 Новосибирское стандартное время
----------------------------------------------------------
1/1 Testing: Tests
1/1 Test: Tests
Command: "C:/Users/davyd/Desktop/example/build/Tests/Debug/Tests.exe"
Directory: C:/Users/davyd/Desktop/example/build/Tests
"Tests" start time: Sep 26 00:21 Новосибирское стандартное время
Output:
----------------------------------------------------------
Running main() from c:\users\davyd\desktop\example\googletest\googletest\src\gtest_main.cc
[==========] Running 2 tests from 2 test suites.
[----------] Global test environment set-up.
[----------] 1 test from ExampleTests
[ RUN      ] ExampleTests.Dem
[       OK ] ExampleTests.Dem (0 ms)
[----------] 1 test from ExampleTests (0 ms total)

[----------] 1 test from TestBigInt
[ RUN      ] TestBigInt.test1
c:\users\davyd\desktop\example\tests\tests.cpp(25): error: Value of: subj == a
  Actual: false
Expected: true
[  FAILED  ] TestBigInt.test1 (10 ms)
[----------] 1 test from TestBigInt (10 ms total)

[----------] Global test environment tear-down
[==========] 2 tests from 2 test suites ran. (11 ms total)
[  PASSED  ] 1 test.
[  FAILED  ] 1 test, listed below:
[  FAILED  ] TestBigInt.test1

 1 FAILED TEST
<end of output>
Test time =   0.14 sec
----------------------------------------------------------
Test Failed.
"Tests" end time: Sep 26 00:21 Новосибирское стандартное время
"Tests" time elapsed: 00:00:00
----------------------------------------------------------

End testing: Sep 26 00:21 Новосибирское стандартное время
