Start testing: Oct 04 13:27 Новосибирское стандартное время
----------------------------------------------------------
1/1 Testing: Tests
1/1 Test: Tests
Command: "C:/Users/davyd/Desktop/lab_BigInt/build/Tests/Debug/Tests.exe"
Directory: C:/Users/davyd/Desktop/lab_BigInt/build/Tests
"Tests" start time: Oct 04 13:27 Новосибирское стандартное время
Output:
----------------------------------------------------------
Running main() from c:\users\davyd\desktop\lab_bigint\googletest\googletest\src\gtest_main.cc
[==========] Running 6 tests from 1 test suite.
[----------] Global test environment set-up.
[----------] 6 tests from TestBigInt
[ RUN      ] TestBigInt.test1
[       OK ] TestBigInt.test1 (17 ms)
[ RUN      ] TestBigInt.test2
[       OK ] TestBigInt.test2 (12 ms)
[ RUN      ] TestBigInt.test3
[       OK ] TestBigInt.test3 (1 ms)
[ RUN      ] TestBigInt.test4
[       OK ] TestBigInt.test4 (1 ms)
[ RUN      ] TestBigInt.test5
[       OK ] TestBigInt.test5 (201 ms)
[ RUN      ] TestBigInt.test6
[       OK ] TestBigInt.test6 (1 ms)
[----------] 6 tests from TestBigInt (236 ms total)

[----------] Global test environment tear-down
[==========] 6 tests from 1 test suite ran. (236 ms total)
[  PASSED  ] 6 tests.
<end of output>
Test time =   0.35 sec
----------------------------------------------------------
Test Passed.
"Tests" end time: Oct 04 13:27 Новосибирское стандартное время
"Tests" time elapsed: 00:00:00
----------------------------------------------------------

End testing: Oct 04 13:27 Новосибирское стандартное время
