<?xml version="1.0" encoding="UTF-8"?>
<Site BuildName="(empty)"
	BuildStamp="20220925-1303-Experimental"
	Name="(empty)"
	Generator="ctest-3.12.18081601-MSVC_2"
	CompilerName=""
	CompilerVersion=""
	OSName="Windows"
	Hostname="LAPTOP-V8081F3U"
	OSRelease=" Personal"
	OSVersion=" (Build 19043)"
	OSPlatform="x86"
	Is64Bits="1"
	VendorString="GenuineIntel"
	VendorID="Intel Corporation"
	FamilyID="6"
	ModelID="12"
	ProcessorCacheSize="-1"
	NumberOfLogicalCPU="8"
	NumberOfPhysicalCPU="4"
	TotalVirtualMemory="18615"
	TotalPhysicalMemory="16183"
	LogicalProcessorsPerPhysical="2"
	ProcessorClockFrequency="2803"
	>
	<Testing>
		<StartDateTime>Sep 26 00:21 [NON-UTF-8-BYTE-0xCD][NON-UTF-8-BYTE-0xEE][NON-UTF-8-BYTE-0xE2][NON-UTF-8-BYTE-0xEE][NON-UTF-8-BYTE-0xF1][NON-UTF-8-BYTE-0xE8][NON-UTF-8-BYTE-0xE1][NON-UTF-8-BYTE-0xE8][NON-UTF-8-BYTE-0xF0][NON-UTF-8-BYTE-0xF1][NON-UTF-8-BYTE-0xEA][NON-UTF-8-BYTE-0xEE][NON-UTF-8-BYTE-0xE5] [NON-UTF-8-BYTE-0xF1][NON-UTF-8-BYTE-0xF2][NON-UTF-8-BYTE-0xE0][NON-UTF-8-BYTE-0xED][NON-UTF-8-BYTE-0xE4][NON-UTF-8-BYTE-0xE0][NON-UTF-8-BYTE-0xF0][NON-UTF-8-BYTE-0xF2][NON-UTF-8-BYTE-0xED][NON-UTF-8-BYTE-0xEE][NON-UTF-8-BYTE-0xE5] [NON-UTF-8-BYTE-0xE2][NON-UTF-8-BYTE-0xF0][NON-UTF-8-BYTE-0xE5][NON-UTF-8-BYTE-0xEC][NON-UTF-8-BYTE-0xFF]</StartDateTime>
		<StartTestTime>1664126508</StartTestTime>
		<TestList>
			<Test>./Tests/Tests</Test>
		</TestList>
		<Test Status="failed">
			<Name>Tests</Name>
			<Path>./Tests</Path>
			<FullName>./Tests/Tests</FullName>
			<FullCommandLine>C:\Users\davyd\Desktop\example\build\Tests\Debug\Tests.exe</FullCommandLine>
			<Results>
				<NamedMeasurement type="text/string" name="Exit Code">
					<Value>Failed</Value>
				</NamedMeasurement>
				<NamedMeasurement type="text/string" name="Exit Value">
					<Value>1</Value>
				</NamedMeasurement>
				<NamedMeasurement type="numeric/double" name="Execution Time">
					<Value>0.13788</Value>
				</NamedMeasurement>
				<NamedMeasurement type="numeric/double" name="Processors">
					<Value>1</Value>
				</NamedMeasurement>
				<NamedMeasurement type="text/string" name="Completion Status">
					<Value>Completed</Value>
				</NamedMeasurement>
				<NamedMeasurement type="text/string" name="Command Line">
					<Value>C:\Users\davyd\Desktop\example\build\Tests\Debug\Tests.exe</Value>
				</NamedMeasurement>
				<Measurement>
					<Value encoding="base64" compression="gzip">eJyNUl1PwjAUfe+vuI9bIosj8aUJDximIRo1gL4wYsp2WaZdu/QD9N/bUgLMgHgf+nXP7bnntBMrRC0qaFgtohhWSjZQ0NxqVDov2fq7zEvUn0a2OX6xpuWYV1JWHA1qc7zUqsgrv3r3VyVFQeaDfSxgsuPpg8foQBQ2oG3t5oTMe/tYwD2XS8YDAMW6VlI0KBwYTc+2v8BpwG0vzUKbM09D5jB5fYJtLDqZZISNy4Z4fjiRhegaGh3/jyiAwUjDeEzO13jwbV2Nhem2djhPPDglF95ga2IYk6Jto/5NTAGVkorCG+MWQa6oM3b5AYMBMAIwLIxlnMKKcY0k+2qxMFhSMMqiN+JuOH7MRqd6gSi94MShYoc9bcS5JzXIVK+UG9H9Mue/CigmEkeVHlE5CS/D6TRICM0lXV3h8Ap4rZ1yWCKXG/q3dEJc1S49y6Yz8gNwqwEu====</Value>
				</Measurement>
			</Results>
		</Test>
		<EndDateTime>Sep 26 00:21 [NON-UTF-8-BYTE-0xCD][NON-UTF-8-BYTE-0xEE][NON-UTF-8-BYTE-0xE2][NON-UTF-8-BYTE-0xEE][NON-UTF-8-BYTE-0xF1][NON-UTF-8-BYTE-0xE8][NON-UTF-8-BYTE-0xE1][NON-UTF-8-BYTE-0xE8][NON-UTF-8-BYTE-0xF0][NON-UTF-8-BYTE-0xF1][NON-UTF-8-BYTE-0xEA][NON-UTF-8-BYTE-0xEE][NON-UTF-8-BYTE-0xE5] [NON-UTF-8-BYTE-0xF1][NON-UTF-8-BYTE-0xF2][NON-UTF-8-BYTE-0xE0][NON-UTF-8-BYTE-0xED][NON-UTF-8-BYTE-0xE4][NON-UTF-8-BYTE-0xE0][NON-UTF-8-BYTE-0xF0][NON-UTF-8-BYTE-0xF2][NON-UTF-8-BYTE-0xED][NON-UTF-8-BYTE-0xEE][NON-UTF-8-BYTE-0xE5] [NON-UTF-8-BYTE-0xE2][NON-UTF-8-BYTE-0xF0][NON-UTF-8-BYTE-0xE5][NON-UTF-8-BYTE-0xEC][NON-UTF-8-BYTE-0xFF]</EndDateTime>
		<EndTestTime>1664126508</EndTestTime>
		<ElapsedMinutes>0</ElapsedMinutes>
	</Testing>
</Site>
